[1] Puma starting in cluster mode...
[1] * Puma version: 8.0.1 ("Into the Arena")
[1] * Ruby version: ruby 4.0.4 (2026-05-12 revision b89eb1bcbf) +YJIT +MN +PRISM [x86_64-linux]
[1] *  Min threads: 3
[1] *  Max threads: 3
[1] *  Environment: production
[1] *   Master PID: 1
[1] *      Workers: 64
[1] *     Restarts: (✔) hot (✖) phased (✖) refork
[1] * Preloading application
[1] * Listening on http://0.0.0.0:8080
[1] * Listening on ssl://0.0.0.0:8081?cert=/certs/server.crt&key=/certs/server.key
[1] Use Ctrl-C to stop
[1] ! WARNING: Detected `RUBY_MN_THREADS=1`
[1] ! This setting is known to cause performance regressions with Puma.
[1] ! Consider disabling this environment variable: https://github.com/puma/puma/issues/3720
[1] - Worker 0 (PID: 9) booted in 0.11s, phase: 0
[1] - Worker 1 (PID: 12) booted in 0.11s, phase: 0
[1] - Worker 2 (PID: 15) booted in 0.11s, phase: 0
[1] - Worker 3 (PID: 19) booted in 0.1s, phase: 0
[1] - Worker 4 (PID: 23) booted in 0.1s, phase: 0
[1] - Worker 5 (PID: 27) booted in 0.1s, phase: 0
[1] - Worker 6 (PID: 31) booted in 0.1s, phase: 0
[1] - Worker 7 (PID: 35) booted in 0.1s, phase: 0
[1] - Worker 8 (PID: 39) booted in 0.1s, phase: 0
[1] - Worker 9 (PID: 44) booted in 0.1s, phase: 0
[1] - Worker 10 (PID: 48) booted in 0.1s, phase: 0
[1] - Worker 11 (PID: 53) booted in 0.09s, phase: 0
[1] - Worker 12 (PID: 59) booted in 0.09s, phase: 0
[1] - Worker 13 (PID: 67) booted in 0.09s, phase: 0
[1] - Worker 14 (PID: 72) booted in 0.09s, phase: 0
[1] - Worker 15 (PID: 77) booted in 0.09s, phase: 0
[1] - Worker 16 (PID: 82) booted in 0.09s, phase: 0
[1] - Worker 17 (PID: 88) booted in 0.09s, phase: 0
[1] - Worker 18 (PID: 95) booted in 0.09s, phase: 0
[1] - Worker 19 (PID: 101) booted in 0.09s, phase: 0
[1] - Worker 20 (PID: 107) booted in 0.09s, phase: 0
[1] - Worker 21 (PID: 112) booted in 0.09s, phase: 0
[1] - Worker 22 (PID: 118) booted in 0.1s, phase: 0
[1] - Worker 23 (PID: 124) booted in 0.09s, phase: 0
[1] - Worker 24 (PID: 129) booted in 0.09s, phase: 0
[1] - Worker 25 (PID: 135) booted in 0.09s, phase: 0
[1] - Worker 26 (PID: 142) booted in 0.09s, phase: 0
[1] - Worker 27 (PID: 148) booted in 0.09s, phase: 0
[1] - Worker 28 (PID: 153) booted in 0.09s, phase: 0
[1] - Worker 29 (PID: 162) booted in 0.08s, phase: 0
[1] - Worker 30 (PID: 172) booted in 0.08s, phase: 0
[1] - Worker 31 (PID: 177) booted in 0.08s, phase: 0
[1] - Worker 32 (PID: 183) booted in 0.08s, phase: 0
[1] - Worker 33 (PID: 188) booted in 0.08s, phase: 0
[1] - Worker 34 (PID: 191) booted in 0.08s, phase: 0
[1] - Worker 35 (PID: 198) booted in 0.08s, phase: 0
[1] - Worker 36 (PID: 203) booted in 0.07s, phase: 0
[1] - Worker 37 (PID: 209) booted in 0.07s, phase: 0
[1] - Worker 38 (PID: 215) booted in 0.07s, phase: 0
[1] - Worker 39 (PID: 220) booted in 0.07s, phase: 0
[1] - Worker 40 (PID: 225) booted in 0.07s, phase: 0
[1] - Worker 41 (PID: 232) booted in 0.07s, phase: 0
[1] - Worker 42 (PID: 236) booted in 0.07s, phase: 0
[1] - Worker 43 (PID: 242) booted in 0.07s, phase: 0
[1] - Worker 44 (PID: 248) booted in 0.06s, phase: 0
[1] - Worker 45 (PID: 253) booted in 0.06s, phase: 0
[1] - Worker 46 (PID: 257) booted in 0.06s, phase: 0
[1] - Worker 47 (PID: 262) booted in 0.06s, phase: 0
[1] - Worker 48 (PID: 269) booted in 0.06s, phase: 0
[1] - Worker 49 (PID: 274) booted in 0.06s, phase: 0
[1] - Worker 50 (PID: 282) booted in 0.06s, phase: 0
[1] - Worker 51 (PID: 288) booted in 0.05s, phase: 0
[1] - Worker 52 (PID: 293) booted in 0.05s, phase: 0
[1] - Worker 53 (PID: 298) booted in 0.05s, phase: 0
[1] - Worker 54 (PID: 305) booted in 0.05s, phase: 0
[1] - Worker 55 (PID: 312) booted in 0.05s, phase: 0
[1] - Worker 56 (PID: 318) booted in 0.05s, phase: 0
[1] - Worker 57 (PID: 325) booted in 0.05s, phase: 0
[1] - Worker 58 (PID: 330) booted in 0.04s, phase: 0
[1] - Worker 59 (PID: 336) booted in 0.04s, phase: 0
[1] - Worker 60 (PID: 342) booted in 0.04s, phase: 0
[1] - Worker 61 (PID: 347) booted in 0.04s, phase: 0
[1] - Worker 62 (PID: 353) booted in 0.04s, phase: 0
[1] - Worker 63 (PID: 360) booted in 0.04s, phase: 0
