[1] Puma starting in cluster mode...
[1] * Puma version: 8.0.1 ("Into the Arena")
[1] * Ruby version: ruby 4.0.4 (2026-05-12 revision b89eb1bcbf) +YJIT +MN +PRISM [x86_64-linux]
[1] *  Min threads: 3
[1] *  Max threads: 3
[1] *  Environment: production
[1] *   Master PID: 1
[1] *      Workers: 64
[1] *     Restarts: (✔) hot (✖) phased (✖) refork
[1] * Preloading application
[1] * Listening on http://0.0.0.0:8080
[1] * Listening on ssl://0.0.0.0:8081?cert=/certs/server.crt&key=/certs/server.key
[1] Use Ctrl-C to stop
[1] ! WARNING: Detected `RUBY_MN_THREADS=1`
[1] ! This setting is known to cause performance regressions with Puma.
[1] ! Consider disabling this environment variable: https://github.com/puma/puma/issues/3720
[1] - Worker 0 (PID: 9) booted in 0.11s, phase: 0
[1] - Worker 1 (PID: 12) booted in 0.11s, phase: 0
[1] - Worker 2 (PID: 15) booted in 0.11s, phase: 0
[1] - Worker 4 (PID: 23) booted in 0.1s, phase: 0
[1] - Worker 3 (PID: 19) booted in 0.11s, phase: 0
[1] - Worker 5 (PID: 28) booted in 0.1s, phase: 0
[1] - Worker 6 (PID: 32) booted in 0.1s, phase: 0
[1] - Worker 7 (PID: 35) booted in 0.1s, phase: 0
[1] - Worker 8 (PID: 41) booted in 0.1s, phase: 0
[1] - Worker 9 (PID: 45) booted in 0.1s, phase: 0
[1] - Worker 10 (PID: 50) booted in 0.1s, phase: 0
[1] - Worker 11 (PID: 54) booted in 0.09s, phase: 0
[1] - Worker 12 (PID: 61) booted in 0.09s, phase: 0
[1] - Worker 13 (PID: 67) booted in 0.09s, phase: 0
[1] - Worker 14 (PID: 74) booted in 0.09s, phase: 0
[1] - Worker 15 (PID: 79) booted in 0.09s, phase: 0
[1] - Worker 16 (PID: 83) booted in 0.09s, phase: 0
[1] - Worker 17 (PID: 91) booted in 0.09s, phase: 0
[1] - Worker 18 (PID: 95) booted in 0.09s, phase: 0
[1] - Worker 19 (PID: 100) booted in 0.09s, phase: 0
[1] - Worker 20 (PID: 107) booted in 0.09s, phase: 0
[1] - Worker 21 (PID: 112) booted in 0.09s, phase: 0
[1] - Worker 22 (PID: 119) booted in 0.1s, phase: 0
[1] - Worker 23 (PID: 124) booted in 0.09s, phase: 0
[1] - Worker 24 (PID: 129) booted in 0.09s, phase: 0
[1] - Worker 25 (PID: 135) booted in 0.09s, phase: 0
[1] - Worker 26 (PID: 141) booted in 0.09s, phase: 0
[1] - Worker 27 (PID: 146) booted in 0.09s, phase: 0
[1] - Worker 28 (PID: 151) booted in 0.09s, phase: 0
[1] - Worker 29 (PID: 160) booted in 0.09s, phase: 0
[1] - Worker 30 (PID: 169) booted in 0.08s, phase: 0
[1] - Worker 31 (PID: 175) booted in 0.08s, phase: 0
[1] - Worker 32 (PID: 180) booted in 0.08s, phase: 0
[1] - Worker 33 (PID: 185) booted in 0.08s, phase: 0
[1] - Worker 34 (PID: 191) booted in 0.08s, phase: 0
[1] - Worker 35 (PID: 197) booted in 0.08s, phase: 0
[1] - Worker 36 (PID: 203) booted in 0.08s, phase: 0
[1] - Worker 37 (PID: 210) booted in 0.07s, phase: 0
[1] - Worker 38 (PID: 216) booted in 0.07s, phase: 0
[1] - Worker 39 (PID: 223) booted in 0.07s, phase: 0
[1] - Worker 40 (PID: 229) booted in 0.07s, phase: 0
[1] - Worker 41 (PID: 234) booted in 0.07s, phase: 0
[1] - Worker 42 (PID: 240) booted in 0.07s, phase: 0
[1] - Worker 43 (PID: 244) booted in 0.06s, phase: 0
[1] - Worker 44 (PID: 250) booted in 0.06s, phase: 0
[1] - Worker 45 (PID: 256) booted in 0.06s, phase: 0
[1] - Worker 46 (PID: 260) booted in 0.06s, phase: 0
[1] - Worker 47 (PID: 266) booted in 0.06s, phase: 0
[1] - Worker 48 (PID: 271) booted in 0.06s, phase: 0
[1] - Worker 49 (PID: 277) booted in 0.06s, phase: 0
[1] - Worker 50 (PID: 282) booted in 0.06s, phase: 0
[1] - Worker 51 (PID: 288) booted in 0.05s, phase: 0
[1] - Worker 53 (PID: 299) booted in 0.05s, phase: 0
[1] - Worker 52 (PID: 294) booted in 0.05s, phase: 0
[1] - Worker 54 (PID: 304) booted in 0.05s, phase: 0
[1] - Worker 55 (PID: 310) booted in 0.05s, phase: 0
[1] - Worker 56 (PID: 316) booted in 0.05s, phase: 0
[1] - Worker 57 (PID: 322) booted in 0.05s, phase: 0
[1] - Worker 58 (PID: 329) booted in 0.04s, phase: 0
[1] - Worker 59 (PID: 334) booted in 0.04s, phase: 0
[1] - Worker 60 (PID: 339) booted in 0.04s, phase: 0
[1] - Worker 61 (PID: 345) booted in 0.04s, phase: 0
[1] - Worker 62 (PID: 351) booted in 0.04s, phase: 0
[1] - Worker 63 (PID: 359) booted in 0.04s, phase: 0
