[1] Puma starting in cluster mode...
[1] * Puma version: 8.0.1 ("Into the Arena")
[1] * Ruby version: ruby 4.0.4 (2026-05-12 revision b89eb1bcbf) +YJIT +MN +PRISM [x86_64-linux]
[1] *  Min threads: 3
[1] *  Max threads: 3
[1] *  Environment: production
[1] *   Master PID: 1
[1] *      Workers: 16
[1] *     Restarts: (✔) hot (✖) phased (✖) refork
[1] * Preloading application
[1] * Listening on http://0.0.0.0:8080
[1] * Listening on ssl://0.0.0.0:8081?cert=/certs/server.crt&key=/certs/server.key
[1] Use Ctrl-C to stop
[1] ! WARNING: Detected `RUBY_MN_THREADS=1`
[1] ! This setting is known to cause performance regressions with Puma.
[1] ! Consider disabling this environment variable: https://github.com/puma/puma/issues/3720
[1] - Worker 0 (PID: 9) booted in 0.03s, phase: 0
[1] - Worker 1 (PID: 12) booted in 0.03s, phase: 0
[1] - Worker 2 (PID: 15) booted in 0.03s, phase: 0
[1] - Worker 3 (PID: 19) booted in 0.03s, phase: 0
[1] - Worker 4 (PID: 23) booted in 0.02s, phase: 0
[1] - Worker 5 (PID: 27) booted in 0.02s, phase: 0
[1] - Worker 6 (PID: 31) booted in 0.02s, phase: 0
[1] - Worker 7 (PID: 36) booted in 0.02s, phase: 0
[1] - Worker 8 (PID: 40) booted in 0.02s, phase: 0
[1] - Worker 9 (PID: 44) booted in 0.02s, phase: 0
[1] - Worker 10 (PID: 49) booted in 0.02s, phase: 0
[1] - Worker 11 (PID: 54) booted in 0.01s, phase: 0
[1] - Worker 12 (PID: 60) booted in 0.01s, phase: 0
[1] - Worker 13 (PID: 68) booted in 0.01s, phase: 0
[1] - Worker 14 (PID: 74) booted in 0.01s, phase: 0
[1] - Worker 15 (PID: 80) booted in 0.01s, phase: 0
