[2026-05-13T11:37:49Z INFO  httparena_trillium_tuned::static_preload] static preload: 20 files from /data/static
[2026-05-13T11:37:49Z INFO  httparena_trillium_tuned] starting 16 workers
[2026-05-13T11:37:49Z INFO  httparena_trillium_tuned] worker 2: bound 8080
[2026-05-13T11:37:49Z INFO  httparena_trillium_tuned] worker 0: bound 8080
[2026-05-13T11:37:49Z INFO  httparena_trillium_tuned] worker 1: bound 8080
[2026-05-13T11:37:49Z INFO  httparena_trillium_tuned] worker 4: bound 8080
[2026-05-13T11:37:49Z INFO  httparena_trillium_tuned] worker 4: bound TLS on 8443
[2026-05-13T11:37:49Z INFO  httparena_trillium_tuned] worker 3: bound 8080
[2026-05-13T11:37:49Z INFO  httparena_trillium_tuned] worker 13: bound 8080
[2026-05-13T11:37:49Z INFO  httparena_trillium_tuned] worker 1: bound TLS on 8443
[2026-05-13T11:37:49Z INFO  httparena_trillium_tuned] worker 8: bound 8080
[2026-05-13T11:37:49Z INFO  httparena_trillium_tuned] worker 6: bound 8080
[2026-05-13T11:37:49Z INFO  httparena_trillium_tuned] worker 9: bound 8080
[2026-05-13T11:37:49Z INFO  httparena_trillium_tuned] worker 7: bound 8080
[2026-05-13T11:37:49Z INFO  httparena_trillium_tuned] worker 3: bound TLS on 8443
[2026-05-13T11:37:49Z INFO  httparena_trillium_tuned] worker 5: bound 8080
[2026-05-13T11:37:49Z INFO  httparena_trillium_tuned] worker 15: bound 8080
[2026-05-13T11:37:49Z INFO  httparena_trillium_tuned] worker 12: bound 8080
[2026-05-13T11:37:49Z INFO  httparena_trillium_tuned] worker 10: bound 8080
[2026-05-13T11:37:49Z INFO  httparena_trillium_tuned] worker 13: bound TLS on 8443
[2026-05-13T11:37:49Z INFO  httparena_trillium_tuned] worker 2: bound TLS on 8443
[2026-05-13T11:37:49Z INFO  httparena_trillium_tuned] worker 8: bound TLS on 8443
[2026-05-13T11:37:49Z INFO  httparena_trillium_tuned] worker 14: bound 8080
[2026-05-13T11:37:49Z INFO  httparena_trillium_tuned] worker 6: bound TLS on 8443
[2026-05-13T11:37:49Z INFO  httparena_trillium_tuned] worker 11: bound 8080
[2026-05-13T11:37:49Z INFO  httparena_trillium_tuned] worker 9: bound TLS on 8443
[2026-05-13T11:37:49Z INFO  httparena_trillium_tuned] worker 0: bound TLS + QUIC on 8443
[2026-05-13T11:37:49Z INFO  httparena_trillium_tuned] worker 15: bound TLS on 8443
[2026-05-13T11:37:49Z INFO  httparena_trillium_tuned] worker 11: bound TLS on 8443
[2026-05-13T11:37:49Z INFO  httparena_trillium_tuned] worker 7: bound TLS on 8443
[2026-05-13T11:37:49Z INFO  httparena_trillium_tuned] worker 14: bound TLS on 8443
[2026-05-13T11:37:49Z INFO  httparena_trillium_tuned] worker 12: bound TLS on 8443
[2026-05-13T11:37:49Z INFO  httparena_trillium_tuned] worker 10: bound TLS on 8443
[2026-05-13T11:37:49Z INFO  httparena_trillium_tuned] worker 5: bound TLS on 8443
