[1] Puma starting in cluster mode...
[1] * Puma version: 8.0.1 ("Into the Arena")
[1] * Ruby version: ruby 4.0.4 (2026-05-12 revision b89eb1bcbf) +YJIT +MN +PRISM [x86_64-linux]
[1] *  Min threads: 3
[1] *  Max threads: 3
[1] *  Environment: production
[1] *   Master PID: 1
[1] *      Workers: 64
[1] *     Restarts: (✔) hot (✖) phased (✖) refork
[1] * Preloading application
[1] * Listening on http://0.0.0.0:8080
[1] * Listening on ssl://0.0.0.0:8081?cert=/certs/server.crt&key=/certs/server.key
[1] Use Ctrl-C to stop
[1] ! WARNING: Detected `RUBY_MN_THREADS=1`
[1] ! This setting is known to cause performance regressions with Puma.
[1] ! Consider disabling this environment variable: https://github.com/puma/puma/issues/3720
[1] - Worker 0 (PID: 9) booted in 0.11s, phase: 0
[1] - Worker 1 (PID: 12) booted in 0.11s, phase: 0
[1] - Worker 2 (PID: 15) booted in 0.11s, phase: 0
[1] - Worker 3 (PID: 20) booted in 0.11s, phase: 0
[1] - Worker 4 (PID: 24) booted in 0.1s, phase: 0
[1] - Worker 5 (PID: 27) booted in 0.1s, phase: 0
[1] - Worker 6 (PID: 31) booted in 0.1s, phase: 0
[1] - Worker 7 (PID: 35) booted in 0.1s, phase: 0
[1] - Worker 8 (PID: 41) booted in 0.1s, phase: 0
[1] - Worker 9 (PID: 47) booted in 0.1s, phase: 0
[1] - Worker 11 (PID: 56) booted in 0.09s, phase: 0
[1] - Worker 10 (PID: 52) booted in 0.09s, phase: 0
[1] - Worker 12 (PID: 61) booted in 0.09s, phase: 0
[1] - Worker 13 (PID: 71) booted in 0.09s, phase: 0
[1] - Worker 14 (PID: 76) booted in 0.09s, phase: 0
[1] - Worker 15 (PID: 82) booted in 0.09s, phase: 0
[1] - Worker 16 (PID: 87) booted in 0.09s, phase: 0
[1] - Worker 17 (PID: 92) booted in 0.09s, phase: 0
[1] - Worker 18 (PID: 100) booted in 0.09s, phase: 0
[1] - Worker 19 (PID: 104) booted in 0.09s, phase: 0
[1] - Worker 20 (PID: 109) booted in 0.09s, phase: 0
[1] - Worker 21 (PID: 115) booted in 0.09s, phase: 0
[1] - Worker 22 (PID: 119) booted in 0.09s, phase: 0
[1] - Worker 23 (PID: 124) booted in 0.09s, phase: 0
[1] - Worker 24 (PID: 129) booted in 0.09s, phase: 0
[1] - Worker 25 (PID: 137) booted in 0.09s, phase: 0
[1] - Worker 26 (PID: 141) booted in 0.09s, phase: 0
[1] - Worker 27 (PID: 146) booted in 0.09s, phase: 0
[1] - Worker 28 (PID: 152) booted in 0.09s, phase: 0
[1] - Worker 29 (PID: 160) booted in 0.08s, phase: 0
[1] - Worker 30 (PID: 169) booted in 0.08s, phase: 0
[1] - Worker 31 (PID: 175) booted in 0.08s, phase: 0
[1] - Worker 32 (PID: 180) booted in 0.08s, phase: 0
[1] - Worker 33 (PID: 185) booted in 0.08s, phase: 0
[1] - Worker 34 (PID: 191) booted in 0.08s, phase: 0
[1] - Worker 35 (PID: 197) booted in 0.08s, phase: 0
[1] - Worker 36 (PID: 202) booted in 0.07s, phase: 0
[1] - Worker 37 (PID: 207) booted in 0.07s, phase: 0
[1] - Worker 38 (PID: 213) booted in 0.07s, phase: 0
[1] - Worker 39 (PID: 218) booted in 0.07s, phase: 0
[1] - Worker 40 (PID: 223) booted in 0.07s, phase: 0
[1] - Worker 41 (PID: 229) booted in 0.07s, phase: 0
[1] - Worker 42 (PID: 235) booted in 0.07s, phase: 0
[1] - Worker 43 (PID: 241) booted in 0.07s, phase: 0
[1] - Worker 44 (PID: 246) booted in 0.06s, phase: 0
[1] - Worker 45 (PID: 252) booted in 0.06s, phase: 0
[1] - Worker 46 (PID: 256) booted in 0.06s, phase: 0
[1] - Worker 47 (PID: 262) booted in 0.06s, phase: 0
[1] - Worker 48 (PID: 268) booted in 0.06s, phase: 0
[1] - Worker 49 (PID: 274) booted in 0.06s, phase: 0
[1] - Worker 50 (PID: 280) booted in 0.06s, phase: 0
[1] - Worker 51 (PID: 285) booted in 0.06s, phase: 0
[1] - Worker 52 (PID: 292) booted in 0.05s, phase: 0
[1] - Worker 53 (PID: 298) booted in 0.05s, phase: 0
[1] - Worker 54 (PID: 305) booted in 0.05s, phase: 0
[1] - Worker 55 (PID: 309) booted in 0.05s, phase: 0
[1] - Worker 56 (PID: 315) booted in 0.05s, phase: 0
[1] - Worker 57 (PID: 321) booted in 0.05s, phase: 0
[1] - Worker 58 (PID: 328) booted in 0.05s, phase: 0
[1] - Worker 59 (PID: 334) booted in 0.04s, phase: 0
[1] - Worker 60 (PID: 340) booted in 0.04s, phase: 0
[1] - Worker 61 (PID: 347) booted in 0.04s, phase: 0
[1] - Worker 62 (PID: 352) booted in 0.04s, phase: 0
[1] - Worker 63 (PID: 360) booted in 0.04s, phase: 0
